[debug] [2023-12-03T14:00:42.379Z] ----------------------------------------------------------------------
[debug] [2023-12-03T14:00:42.382Z] Command:       C:\Program Files\nodejs\node.exe C:\Users\hp\AppData\Roaming\npm\node_modules\firebase-tools\lib\bin\firebase.js init
[debug] [2023-12-03T14:00:42.382Z] CLI Version:   12.4.5
[debug] [2023-12-03T14:00:42.383Z] Platform:      win32
[debug] [2023-12-03T14:00:42.383Z] Node Version:  v18.14.1
[debug] [2023-12-03T14:00:42.384Z] Time:          Sun Dec 03 2023 19:30:42 GMT+0530 (India Standard Time)
[debug] [2023-12-03T14:00:42.385Z] ----------------------------------------------------------------------
[debug] 
[debug] [2023-12-03T14:00:42.391Z] >>> [apiv2][query] GET https://firebase-public.firebaseio.com/cli.json [none]
[debug] [2023-12-03T14:00:42.455Z] > command requires scopes: ["email","openid","https://www.googleapis.com/auth/cloudplatformprojects.readonly","https://www.googleapis.com/auth/firebase","https://www.googleapis.com/auth/cloud-platform"]
[debug] [2023-12-03T14:00:42.455Z] > authorizing via signed-in user (abhinavsinha135@gmail.com)
[info] 
     ######## #### ########  ######## ########     ###     ######  ########
     ##        ##  ##     ## ##       ##     ##  ##   ##  ##       ##
     ######    ##  ########  ######   ########  #########  ######  ######
     ##        ##  ##    ##  ##       ##     ## ##     ##       ## ##
     ##       #### ##     ## ######## ########  ##     ##  ######  ########

You're about to initialize a Firebase project in this directory:

  D:\ReactJs\netflix-clone

[debug] [2023-12-03T14:00:43.169Z] <<< [apiv2][status] GET https://firebase-public.firebaseio.com/cli.json 200
[debug] [2023-12-03T14:00:43.171Z] <<< [apiv2][body] GET https://firebase-public.firebaseio.com/cli.json {"cloudBuildErrorAfter":1594252800000,"cloudBuildWarnAfter":1590019200000,"defaultNode10After":1594252800000,"minVersion":"3.0.5","node8DeploysDisabledAfter":1613390400000,"node8RuntimeDisabledAfter":1615809600000,"node8WarnAfter":1600128000000}
